\BOOKMARK [1][]{section.1}{\376\377\000A\000b\000k\000\374\000r\000z\000u\000n\000g\000s\000v\000e\000r\000z\000e\000i\000c\000h\000n\000i\000s}{}% 1
\BOOKMARK [1][]{section.2}{\376\377\000E\000i\000n\000l\000e\000i\000t\000u\000n\000g}{}% 2
\BOOKMARK [1][]{section.3}{\376\377\000K\000\374\000n\000s\000t\000l\000i\000c\000h\000e\000\040\000I\000n\000t\000e\000l\000l\000i\000g\000e\000n\000z}{}% 3
\BOOKMARK [2][]{subsection.3.1}{\376\377\000\334\000b\000e\000r\000w\000a\000c\000h\000t\000e\000s\000\040\000L\000e\000r\000n\000e\000n}{section.3}% 4
\BOOKMARK [1][]{section.4}{\376\377\000V\000o\000r\000a\000u\000s\000s\000e\000t\000z\000u\000n\000g\000\040\000f\000\374\000r\000\040\000m\000e\000h\000r\000s\000c\000h\000i\000c\000h\000t\000i\000g\000e\000s\000\040\000L\000e\000r\000n\000e\000n}{}% 5
\BOOKMARK [2][]{subsection.4.1}{\376\377\000D\000a\000t\000e\000n\000s\000a\000t\000z}{section.4}% 6
\BOOKMARK [2][]{subsection.4.2}{\376\377\000K\000\374\000n\000s\000t\000l\000i\000c\000h\000e\000s\000\040\000n\000e\000u\000r\000o\000n\000a\000l\000e\000s\000\040\000N\000e\000t\000z\000w\000e\000r\000k}{section.4}% 7
\BOOKMARK [1][]{section.5}{\376\377\000K\000o\000n\000v\000o\000l\000u\000t\000i\000o\000n\000a\000l\000e\000s\000\040\000n\000e\000u\000r\000o\000n\000a\000l\000e\000s\000\040\000N\000e\000t\000z\000w\000e\000r\000k}{}% 8
\BOOKMARK [2][]{subsection.5.1}{\376\377\000K\000l\000a\000s\000s\000i\000f\000i\000k\000a\000t\000i\000o\000n\000s\000e\000b\000e\000n\000e}{section.5}% 9
\BOOKMARK [3][]{subsubsection.5.1.1}{\376\377\000A\000k\000t\000i\000v\000i\000e\000r\000u\000n\000g\000s\000f\000u\000n\000k\000t\000i\000o\000n}{subsection.5.1}% 10
\BOOKMARK [2][]{subsection.5.2}{\376\377\000F\000e\000a\000t\000u\000r\000e\000\040\000E\000x\000t\000r\000a\000c\000t\000i\000o\000n\000?\000?\000/\000M\000e\000r\000k\000m\000a\000l\000s\000e\000x\000t\000r\000a\000k\000t\000i\000o\000n\000\040\000\050\000D\000e\000e\000p\000L\000\051}{section.5}% 11
\BOOKMARK [3][]{subsubsection.5.2.1}{\376\377\0002\000D\000\040\000K\000o\000n\000v\000o\000l\000u\000t\000i\000o\000n}{subsection.5.2}% 12
\BOOKMARK [3][]{subsubsection.5.2.2}{\376\377\000M\000a\000x\000-\000P\000o\000o\000l\000i\000n\000g}{subsection.5.2}% 13
\BOOKMARK [3][]{subsubsection.5.2.3}{\376\377\000F\000l\000a\000t\000t\000e\000n\000i\000n\000g\000?\000?}{subsection.5.2}% 14
\BOOKMARK [2][]{subsection.5.3}{\376\377\000V\000e\000r\000l\000u\000s\000t\000f\000u\000n\000k\000t\000i\000o\000n}{section.5}% 15
\BOOKMARK [2][]{subsection.5.4}{\376\377\000O\000p\000t\000i\000m\000i\000e\000r\000u\000n\000g}{section.5}% 16
\BOOKMARK [3][]{subsubsection.5.4.1}{\376\377\000F\000e\000h\000l\000e\000r\000r\000\374\000c\000k\000f\000\374\000h\000r\000u\000n\000g}{subsection.5.4}% 17
\BOOKMARK [1][]{section.6}{\376\377\000U\000m\000s\000e\000t\000z\000u\000n\000g}{}% 18
\BOOKMARK [2][]{subsection.6.1}{\376\377\000W\000e\000r\000k\000z\000e\000u\000g\000e}{section.6}% 19
\BOOKMARK [2][]{subsection.6.2}{\376\377\000T\000r\000a\000i\000n\000i\000n\000g\000s\000p\000h\000a\000s\000e}{section.6}% 20
\BOOKMARK [2][]{subsection.6.3}{\376\377\000A\000u\000s\000w\000e\000r\000t\000u\000n\000g}{section.6}% 21
\BOOKMARK [3][]{subsubsection.6.3.1}{\376\377\000T\000r\000a\000i\000n\000i\000n\000g\000s\000d\000a\000t\000e\000n}{subsection.6.3}% 22
\BOOKMARK [3][]{subsubsection.6.3.2}{\376\377\000V\000a\000l\000i\000d\000a\000t\000i\000o\000n\000s\000d\000a\000t\000e\000n}{subsection.6.3}% 23
\BOOKMARK [3][]{subsubsection.6.3.3}{\376\377\000T\000e\000s\000t\000d\000a\000t\000e\000n}{subsection.6.3}% 24
\BOOKMARK [1][]{section.7}{\376\377\000S\000c\000h\000l\000u\000s\000s\000f\000o\000l\000g\000e\000r\000u\000n\000g}{}% 25
\BOOKMARK [1][]{section.8}{\376\377\000L\000i\000t\000e\000r\000a\000t\000u\000r\000v\000e\000r\000z\000e\000i\000c\000h\000n\000i\000s}{}% 26
\BOOKMARK [1][]{section.9}{\376\377\000S\000c\000h\000\374\000l\000e\000r\000e\000r\000k\000l\000\344\000r\000u\000n\000g}{}% 27
\BOOKMARK [1][]{section.10}{\376\377\000Z\000u\000s\000a\000t\000z\000:\000\040\000C\000h\000a\000t\000G\000P\000T}{}% 28
